
5월 25, 2022 13:45:33.941 NEW SESSION
5월 25, 2022 13:45:33.941 [17376:13112:0525/134533.938:ERROR:token_service_table.cc(139)] Failed to decrypt token for service AccountId-116186995149476184003
5월 25, 2022 13:45:38.289 [17376:19280:0525/134538.288:ERROR:device_event_log_impl.cc(214)] [13:45:38.288] USB: usb_device_handle_win.cc:1049 Failed to read descriptor from node connection: 시스템에 부착된 장치가 작동하지 않습니다. (0x1F)
5월 25, 2022 13:45:38.290 [17376:19280:0525/134538.289:ERROR:device_event_log_impl.cc(214)] [13:45:38.288] USB: usb_device_handle_win.cc:1049 Failed to read descriptor from node connection: 시스템에 부착된 장치가 작동하지 않습니다. (0x1F)
5월 25, 2022 13:46:34.591 [17376:19044:0525/134634.590:ERROR:util.cc(126)] Can't create base directory: C:\Program Files\Google\GoogleUpdater
5월 25, 2022 13:51:06.913 [1856:9416:0525/135106.913:ERROR:token_service_table.cc(139)] Failed to decrypt token for service AccountId-116186995149476184003
5월 25, 2022 13:51:11.976 [1856:19304:0525/135111.974:ERROR:device_event_log_impl.cc(214)] [13:51:11.975] USB: usb_device_handle_win.cc:1049 Failed to read descriptor from node connection: 시스템에 부착된 장치가 작동하지 않습니다. (0x1F)
5월 25, 2022 13:51:11.979 [1856:19304:0525/135111.978:ERROR:device_event_log_impl.cc(214)] [13:51:11.979] USB: usb_device_handle_win.cc:1049 Failed to read descriptor from node connection: 시스템에 부착된 장치가 작동하지 않습니다. (0x1F)
5월 25, 2022 13:52:07.798 [1856:10476:0525/135207.796:ERROR:util.cc(126)] Can't create base directory: C:\Program Files\Google\GoogleUpdater
5월 25, 2022 13:55:27.582 [16608:22584:0525/135527.581:ERROR:token_service_table.cc(139)] Failed to decrypt token for service AccountId-116186995149476184003
5월 25, 2022 13:55:30.775 [16608:4536:0525/135530.774:ERROR:device_event_log_impl.cc(214)] [13:55:30.774] USB: usb_device_handle_win.cc:1049 Failed to read descriptor from node connection: 시스템에 부착된 장치가 작동하지 않습니다. (0x1F)
5월 25, 2022 13:55:30.776 [16608:4536:0525/135530.775:ERROR:device_event_log_impl.cc(214)] [13:55:30.775] USB: usb_device_handle_win.cc:1049 Failed to read descriptor from node connection: 시스템에 부착된 장치가 작동하지 않습니다. (0x1F)
5월 25, 2022 13:55:30.776 [16608:4536:0525/135530.775:ERROR:device_event_log_impl.cc(214)] [13:55:30.775] USB: usb_device_handle_win.cc:1049 Failed to read descriptor from node connection: 시스템에 부착된 장치가 작동하지 않습니다. (0x1F)
5월 25, 2022 13:56:22.411 [22212:25492:0525/135622.410:ERROR:token_service_table.cc(139)] Failed to decrypt token for service AccountId-116186995149476184003
5월 25, 2022 13:56:25.896 [22212:5064:0525/135625.895:ERROR:device_event_log_impl.cc(214)] [13:56:25.894] USB: usb_device_handle_win.cc:1049 Failed to read descriptor from node connection: 시스템에 부착된 장치가 작동하지 않습니다. (0x1F)
5월 25, 2022 13:56:25.898 [22212:5064:0525/135625.897:ERROR:device_event_log_impl.cc(214)] [13:56:25.896] USB: usb_device_handle_win.cc:1049 Failed to read descriptor from node connection: 시스템에 부착된 장치가 작동하지 않습니다. (0x1F)
5월 25, 2022 13:56:25.900 [22212:5064:0525/135625.897:ERROR:device_event_log_impl.cc(214)] [13:56:25.897] USB: usb_device_handle_win.cc:1049 Failed to read descriptor from node connection: 시스템에 부착된 장치가 작동하지 않습니다. (0x1F)
5월 25, 2022 13:57:12.388 [23660:10476:0525/135712.388:ERROR:token_service_table.cc(139)] Failed to decrypt token for service AccountId-116186995149476184003
5월 25, 2022 13:57:15.800 [23660:3136:0525/135715.800:ERROR:device_event_log_impl.cc(214)] [13:57:15.800] USB: usb_device_handle_win.cc:1049 Failed to read descriptor from node connection: 시스템에 부착된 장치가 작동하지 않습니다. (0x1F)
5월 25, 2022 13:57:15.801 [23660:3136:0525/135715.800:ERROR:device_event_log_impl.cc(214)] [13:57:15.800] USB: usb_device_handle_win.cc:1049 Failed to read descriptor from node connection: 시스템에 부착된 장치가 작동하지 않습니다. (0x1F)
5월 25, 2022 13:57:15.802 [23660:3136:0525/135715.800:ERROR:device_event_log_impl.cc(214)] [13:57:15.800] USB: usb_device_handle_win.cc:1049 Failed to read descriptor from node connection: 시스템에 부착된 장치가 작동하지 않습니다. (0x1F)

5월 26, 2022 09:11:05.523 NEW SESSION
5월 26, 2022 09:11:05.523 [16104:10180:0526/091105.520:ERROR:token_service_table.cc(139)] Failed to decrypt token for service AccountId-116186995149476184003
5월 26, 2022 09:11:10.897 [16104:21348:0526/091110.896:ERROR:device_event_log_impl.cc(214)] [09:11:10.897] USB: usb_device_handle_win.cc:1049 Failed to read descriptor from node connection: 시스템에 부착된 장치가 작동하지 않습니다. (0x1F)
5월 26, 2022 09:11:10.901 [16104:21348:0526/091110.900:ERROR:device_event_log_impl.cc(214)] [09:11:10.900] USB: usb_device_handle_win.cc:1049 Failed to read descriptor from node connection: 시스템에 부착된 장치가 작동하지 않습니다. (0x1F)
5월 26, 2022 09:12:06.271 [16104:22688:0526/091206.270:ERROR:util.cc(126)] Can't create base directory: C:\Program Files\Google\GoogleUpdater
5월 26, 2022 11:34:53.988 [21924:26564:0526/113453.988:ERROR:token_service_table.cc(139)] Failed to decrypt token for service AccountId-116186995149476184003
5월 26, 2022 11:34:57.677 [21924:9744:0526/113457.676:ERROR:device_event_log_impl.cc(214)] [11:34:57.676] USB: usb_device_handle_win.cc:1049 Failed to read descriptor from node connection: 시스템에 부착된 장치가 작동하지 않습니다. (0x1F)
5월 26, 2022 11:34:57.678 [21924:9744:0526/113457.676:ERROR:device_event_log_impl.cc(214)] [11:34:57.677] USB: usb_device_handle_win.cc:1049 Failed to read descriptor from node connection: 시스템에 부착된 장치가 작동하지 않습니다. (0x1F)
5월 26, 2022 11:35:54.558 [21924:22208:0526/113554.557:ERROR:util.cc(126)] Can't create base directory: C:\Program Files\Google\GoogleUpdater

5월 26, 2022 16:42:15.364 NEW SESSION
5월 26, 2022 16:42:15.364 [26620:18088:0526/164215.361:ERROR:token_service_table.cc(139)] Failed to decrypt token for service AccountId-116186995149476184003
5월 26, 2022 16:42:19.323 [26620:24700:0526/164219.322:ERROR:device_event_log_impl.cc(214)] [16:42:19.322] USB: usb_device_handle_win.cc:1049 Failed to read descriptor from node connection: 시스템에 부착된 장치가 작동하지 않습니다. (0x1F)
5월 26, 2022 16:42:19.324 [26620:24700:0526/164219.322:ERROR:device_event_log_impl.cc(214)] [16:42:19.323] USB: usb_device_handle_win.cc:1049 Failed to read descriptor from node connection: 시스템에 부착된 장치가 작동하지 않습니다. (0x1F)
5월 26, 2022 16:43:16.145 [26620:3440:0526/164316.145:ERROR:util.cc(126)] Can't create base directory: C:\Program Files\Google\GoogleUpdater

5월 27, 2022 13:17:46.875 NEW SESSION
5월 27, 2022 13:17:46.875 [26456:20656:0527/131746.873:ERROR:token_service_table.cc(139)] Failed to decrypt token for service AccountId-116186995149476184003
5월 27, 2022 13:17:51.234 [26456:28480:0527/131751.233:ERROR:device_event_log_impl.cc(214)] [13:17:51.233] USB: usb_device_handle_win.cc:1049 Failed to read descriptor from node connection: 시스템에 부착된 장치가 작동하지 않습니다. (0x1F)
5월 27, 2022 13:17:51.235 [26456:28480:0527/131751.233:ERROR:device_event_log_impl.cc(214)] [13:17:51.234] USB: usb_device_handle_win.cc:1049 Failed to read descriptor from node connection: 시스템에 부착된 장치가 작동하지 않습니다. (0x1F)
5월 27, 2022 13:18:47.592 [26456:25200:0527/131847.590:ERROR:util.cc(126)] Can't create base directory: C:\Program Files\Google\GoogleUpdater
5월 27, 2022 13:38:18.286 [21136:20572:0527/133818.285:ERROR:token_service_table.cc(139)] Failed to decrypt token for service AccountId-116186995149476184003
5월 27, 2022 13:38:27.333 [16060:8176:0527/133827.333:ERROR:token_service_table.cc(139)] Failed to decrypt token for service AccountId-116186995149476184003
5월 27, 2022 13:38:31.136 [16060:19636:0527/133831.133:ERROR:device_event_log_impl.cc(214)] [13:38:31.133] USB: usb_device_handle_win.cc:1049 Failed to read descriptor from node connection: 시스템에 부착된 장치가 작동하지 않습니다. (0x1F)
5월 27, 2022 13:38:31.143 [16060:19636:0527/133831.142:ERROR:device_event_log_impl.cc(214)] [13:38:31.142] USB: usb_device_handle_win.cc:1049 Failed to read descriptor from node connection: 시스템에 부착된 장치가 작동하지 않습니다. (0x1F)
5월 27, 2022 13:39:27.951 [16060:11660:0527/133927.951:ERROR:util.cc(126)] Can't create base directory: C:\Program Files\Google\GoogleUpdater

5월 30, 2022 09:38:01.400 NEW SESSION
5월 30, 2022 09:38:01.400 [14636:9884:0530/093801.397:ERROR:token_service_table.cc(139)] Failed to decrypt token for service AccountId-116186995149476184003
5월 30, 2022 09:38:05.239 [14636:14924:0530/093805.239:ERROR:device_event_log_impl.cc(214)] [09:38:05.239] USB: usb_device_handle_win.cc:1049 Failed to read descriptor from node connection: 시스템에 부착된 장치가 작동하지 않습니다. (0x1F)
5월 30, 2022 09:38:05.240 [14636:14924:0530/093805.240:ERROR:device_event_log_impl.cc(214)] [09:38:05.240] USB: usb_device_handle_win.cc:1049 Failed to read descriptor from node connection: 시스템에 부착된 장치가 작동하지 않습니다. (0x1F)
5월 30, 2022 09:38:50.478 [12268:14836:0530/093850.477:ERROR:token_service_table.cc(139)] Failed to decrypt token for service AccountId-116186995149476184003
5월 30, 2022 09:38:54.695 [12268:15220:0530/093854.694:ERROR:device_event_log_impl.cc(214)] [09:38:54.694] USB: usb_device_handle_win.cc:1049 Failed to read descriptor from node connection: 시스템에 부착된 장치가 작동하지 않습니다. (0x1F)
5월 30, 2022 09:38:54.696 [12268:15220:0530/093854.695:ERROR:device_event_log_impl.cc(214)] [09:38:54.695] USB: usb_device_handle_win.cc:1049 Failed to read descriptor from node connection: 시스템에 부착된 장치가 작동하지 않습니다. (0x1F)
5월 30, 2022 09:39:50.950 [12268:27916:0530/093950.949:ERROR:util.cc(126)] Can't create base directory: C:\Program Files\Google\GoogleUpdater
5월 30, 2022 10:36:02.732 [12268:15288:0530/103602.730:ERROR:mcs_client.cc(755)] Received close command, resetting connection.
5월 30, 2022 13:12:10.308 [3440:15256:0530/131210.306:ERROR:token_service_table.cc(139)] Failed to decrypt token for service AccountId-116186995149476184003
5월 30, 2022 13:12:15.81 [3440:16964:0530/131215.079:ERROR:device_event_log_impl.cc(214)] [13:12:15.080] USB: usb_device_handle_win.cc:1049 Failed to read descriptor from node connection: 시스템에 부착된 장치가 작동하지 않습니다. (0x1F)
5월 30, 2022 13:12:15.82 [3440:16964:0530/131215.082:ERROR:device_event_log_impl.cc(214)] [13:12:15.082] USB: usb_device_handle_win.cc:1049 Failed to read descriptor from node connection: 시스템에 부착된 장치가 작동하지 않습니다. (0x1F)
5월 30, 2022 13:13:10.997 [3440:25976:0530/131310.997:ERROR:util.cc(126)] Can't create base directory: C:\Program Files\Google\GoogleUpdater
5월 30, 2022 15:12:34.553 [13284:27196:0530/151234.552:ERROR:token_service_table.cc(139)] Failed to decrypt token for service AccountId-116186995149476184003
5월 30, 2022 15:12:38.693 [13284:26252:0530/151238.692:ERROR:device_event_log_impl.cc(214)] [15:12:38.692] USB: usb_device_handle_win.cc:1049 Failed to read descriptor from node connection: 시스템에 부착된 장치가 작동하지 않습니다. (0x1F)
5월 30, 2022 15:12:38.693 [13284:26252:0530/151238.692:ERROR:device_event_log_impl.cc(214)] [15:12:38.693] USB: usb_device_handle_win.cc:1049 Failed to read descriptor from node connection: 시스템에 부착된 장치가 작동하지 않습니다. (0x1F)
5월 30, 2022 15:13:35.145 [13284:16904:0530/151335.145:ERROR:util.cc(126)] Can't create base directory: C:\Program Files\Google\GoogleUpdater
5월 30, 2022 15:27:34.321 [15216:20304:0530/152734.320:ERROR:token_service_table.cc(139)] Failed to decrypt token for service AccountId-116186995149476184003
5월 30, 2022 15:27:38.654 [15216:26760:0530/152738.653:ERROR:device_event_log_impl.cc(214)] [15:27:38.653] USB: usb_device_handle_win.cc:1049 Failed to read descriptor from node connection: 시스템에 부착된 장치가 작동하지 않습니다. (0x1F)
5월 30, 2022 15:27:38.655 [15216:26760:0530/152738.654:ERROR:device_event_log_impl.cc(214)] [15:27:38.654] USB: usb_device_handle_win.cc:1049 Failed to read descriptor from node connection: 시스템에 부착된 장치가 작동하지 않습니다. (0x1F)
5월 30, 2022 15:28:34.823 [15216:13568:0530/152834.822:ERROR:util.cc(126)] Can't create base directory: C:\Program Files\Google\GoogleUpdater
5월 30, 2022 16:42:06.698 [24964:23348:0530/164206.697:ERROR:token_service_table.cc(139)] Failed to decrypt token for service AccountId-116186995149476184003
5월 30, 2022 16:42:10.68 [24964:27312:0530/164210.067:ERROR:device_event_log_impl.cc(214)] [16:42:10.067] USB: usb_device_handle_win.cc:1049 Failed to read descriptor from node connection: 시스템에 부착된 장치가 작동하지 않습니다. (0x1F)
5월 30, 2022 16:42:10.69 [24964:27312:0530/164210.068:ERROR:device_event_log_impl.cc(214)] [16:42:10.068] USB: usb_device_handle_win.cc:1049 Failed to read descriptor from node connection: 시스템에 부착된 장치가 작동하지 않습니다. (0x1F)
5월 30, 2022 16:43:07.240 [24964:27676:0530/164307.239:ERROR:util.cc(126)] Can't create base directory: C:\Program Files\Google\GoogleUpdater

6월 02, 2022 09:44:02.74 NEW SESSION
6월 02, 2022 09:44:02.75 [22168:11524:0602/094402.071:ERROR:token_service_table.cc(139)] Failed to decrypt token for service AccountId-116186995149476184003
6월 02, 2022 09:44:06.875 [22168:15336:0602/094406.872:ERROR:device_event_log_impl.cc(214)] [09:44:06.872] USB: usb_device_handle_win.cc:1048 Failed to read descriptor from node connection: 시스템에 부착된 장치가 작동하지 않습니다. (0x1F)
6월 02, 2022 09:44:06.877 [22168:15336:0602/094406.873:ERROR:device_event_log_impl.cc(214)] [09:44:06.873] USB: usb_device_handle_win.cc:1048 Failed to read descriptor from node connection: 시스템에 부착된 장치가 작동하지 않습니다. (0x1F)
6월 02, 2022 09:45:02.724 [22168:3472:0602/094502.723:ERROR:util.cc(127)] Can't create base directory: C:\Program Files\Google\GoogleUpdater
6월 02, 2022 09:52:23.761 [20464:3296:0602/095223.760:ERROR:token_service_table.cc(139)] Failed to decrypt token for service AccountId-116186995149476184003
6월 02, 2022 09:52:27.438 [20464:16904:0602/095227.437:ERROR:device_event_log_impl.cc(214)] [09:52:27.437] USB: usb_device_handle_win.cc:1048 Failed to read descriptor from node connection: 시스템에 부착된 장치가 작동하지 않습니다. (0x1F)
6월 02, 2022 09:52:27.438 [20464:16904:0602/095227.438:ERROR:device_event_log_impl.cc(214)] [09:52:27.437] USB: usb_device_handle_win.cc:1048 Failed to read descriptor from node connection: 시스템에 부착된 장치가 작동하지 않습니다. (0x1F)
6월 02, 2022 09:52:32.702 [16852:15192:0602/095232.702:ERROR:token_service_table.cc(139)] Failed to decrypt token for service AccountId-116186995149476184003
6월 02, 2022 09:52:36.277 [16852:5076:0602/095236.277:ERROR:device_event_log_impl.cc(214)] [09:52:36.276] USB: usb_device_handle_win.cc:1048 Failed to read descriptor from node connection: 시스템에 부착된 장치가 작동하지 않습니다. (0x1F)
6월 02, 2022 09:52:36.278 [16852:5076:0602/095236.277:ERROR:device_event_log_impl.cc(214)] [09:52:36.276] USB: usb_device_handle_win.cc:1048 Failed to read descriptor from node connection: 시스템에 부착된 장치가 작동하지 않습니다. (0x1F)
6월 02, 2022 09:53:33.311 [16852:3492:0602/095333.310:ERROR:util.cc(127)] Can't create base directory: C:\Program Files\Google\GoogleUpdater
6월 02, 2022 11:27:07.176 [14820:23360:0602/112707.175:ERROR:token_service_table.cc(139)] Failed to decrypt token for service AccountId-116186995149476184003
6월 02, 2022 11:27:11.841 [14820:14088:0602/112711.841:ERROR:device_event_log_impl.cc(214)] [11:27:11.840] USB: usb_device_handle_win.cc:1048 Failed to read descriptor from node connection: 시스템에 부착된 장치가 작동하지 않습니다. (0x1F)
6월 02, 2022 11:27:11.842 [14820:14088:0602/112711.841:ERROR:device_event_log_impl.cc(214)] [11:27:11.841] USB: usb_device_handle_win.cc:1048 Failed to read descriptor from node connection: 시스템에 부착된 장치가 작동하지 않습니다. (0x1F)
6월 02, 2022 11:28:07.920 [14820:1608:0602/112807.919:ERROR:util.cc(127)] Can't create base directory: C:\Program Files\Google\GoogleUpdater
6월 02, 2022 11:29:18.624 [20416:13352:0602/112918.623:ERROR:token_service_table.cc(139)] Failed to decrypt token for service AccountId-116186995149476184003
6월 02, 2022 11:29:22.863 [20416:14980:0602/112922.861:ERROR:device_event_log_impl.cc(214)] [11:29:22.861] USB: usb_device_handle_win.cc:1048 Failed to read descriptor from node connection: 시스템에 부착된 장치가 작동하지 않습니다. (0x1F)
6월 02, 2022 11:29:22.865 [20416:14980:0602/112922.862:ERROR:device_event_log_impl.cc(214)] [11:29:22.862] USB: usb_device_handle_win.cc:1048 Failed to read descriptor from node connection: 시스템에 부착된 장치가 작동하지 않습니다. (0x1F)
6월 02, 2022 11:30:19.297 [20416:19416:0602/113019.296:ERROR:util.cc(127)] Can't create base directory: C:\Program Files\Google\GoogleUpdater
6월 02, 2022 15:17:32.284 [20664:18248:0602/151732.284:ERROR:token_service_table.cc(139)] Failed to decrypt token for service AccountId-116186995149476184003
6월 02, 2022 15:17:35.904 [20664:9352:0602/151735.903:ERROR:device_event_log_impl.cc(214)] [15:17:35.904] USB: usb_device_handle_win.cc:1048 Failed to read descriptor from node connection: 시스템에 부착된 장치가 작동하지 않습니다. (0x1F)
6월 02, 2022 15:17:35.905 [20664:9352:0602/151735.904:ERROR:device_event_log_impl.cc(214)] [15:17:35.904] USB: usb_device_handle_win.cc:1048 Failed to read descriptor from node connection: 시스템에 부착된 장치가 작동하지 않습니다. (0x1F)
6월 02, 2022 15:18:32.805 [20664:15388:0602/151832.804:ERROR:util.cc(127)] Can't create base directory: C:\Program Files\Google\GoogleUpdater
6월 02, 2022 16:47:52.592 [13048:4364:0602/164752.591:ERROR:token_service_table.cc(139)] Failed to decrypt token for service AccountId-116186995149476184003
6월 02, 2022 16:47:57.545 [13048:1536:0602/164757.544:ERROR:device_event_log_impl.cc(214)] [16:47:57.543] USB: usb_device_handle_win.cc:1048 Failed to read descriptor from node connection: 시스템에 부착된 장치가 작동하지 않습니다. (0x1F)
6월 02, 2022 16:47:57.552 [13048:1536:0602/164757.552:ERROR:device_event_log_impl.cc(214)] [16:47:57.551] USB: usb_device_handle_win.cc:1048 Failed to read descriptor from node connection: 시스템에 부착된 장치가 작동하지 않습니다. (0x1F)
6월 02, 2022 16:51:57.859 [7940:20560:0602/165157.859:ERROR:token_service_table.cc(139)] Failed to decrypt token for service AccountId-116186995149476184003
6월 02, 2022 16:52:01.629 [7940:16796:0602/165201.628:ERROR:device_event_log_impl.cc(214)] [16:52:01.628] USB: usb_device_handle_win.cc:1048 Failed to read descriptor from node connection: 시스템에 부착된 장치가 작동하지 않습니다. (0x1F)
6월 02, 2022 16:52:01.632 [7940:16796:0602/165201.628:ERROR:device_event_log_impl.cc(214)] [16:52:01.628] USB: usb_device_handle_win.cc:1048 Failed to read descriptor from node connection: 시스템에 부착된 장치가 작동하지 않습니다. (0x1F)
6월 02, 2022 16:52:11.68 [2064:12668:0602/165211.068:ERROR:token_service_table.cc(139)] Failed to decrypt token for service AccountId-116186995149476184003
6월 02, 2022 16:52:15.141 [2064:10348:0602/165215.140:ERROR:device_event_log_impl.cc(214)] [16:52:15.140] USB: usb_device_handle_win.cc:1048 Failed to read descriptor from node connection: 시스템에 부착된 장치가 작동하지 않습니다. (0x1F)
6월 02, 2022 16:52:15.143 [2064:10348:0602/165215.143:ERROR:device_event_log_impl.cc(214)] [16:52:15.143] USB: usb_device_handle_win.cc:1048 Failed to read descriptor from node connection: 시스템에 부착된 장치가 작동하지 않습니다. (0x1F)
6월 02, 2022 16:53:11.642 [2064:19716:0602/165311.642:ERROR:util.cc(127)] Can't create base directory: C:\Program Files\Google\GoogleUpdater

6월 03, 2022 09:08:01.70 NEW SESSION
6월 03, 2022 09:08:01.70 [23648:8544:0603/090801.066:ERROR:token_service_table.cc(139)] Failed to decrypt token for service AccountId-116186995149476184003
6월 03, 2022 09:08:05.623 [23648:24000:0603/090805.622:ERROR:device_event_log_impl.cc(214)] [09:08:05.622] USB: usb_device_handle_win.cc:1048 Failed to read descriptor from node connection: 시스템에 부착된 장치가 작동하지 않습니다. (0x1F)
6월 03, 2022 09:08:05.624 [23648:24000:0603/090805.622:ERROR:device_event_log_impl.cc(214)] [09:08:05.622] USB: usb_device_handle_win.cc:1048 Failed to read descriptor from node connection: 시스템에 부착된 장치가 작동하지 않습니다. (0x1F)
6월 03, 2022 09:09:01.979 [23648:10408:0603/090901.978:ERROR:util.cc(127)] Can't create base directory: C:\Program Files\Google\GoogleUpdater

6월 03, 2022 16:13:42.448 NEW SESSION
6월 03, 2022 16:13:42.448 [16960:17180:0603/161342.445:ERROR:token_service_table.cc(139)] Failed to decrypt token for service AccountId-116186995149476184003
6월 03, 2022 16:13:46.994 [16960:17060:0603/161346.994:ERROR:device_event_log_impl.cc(214)] [16:13:46.993] USB: usb_device_handle_win.cc:1048 Failed to read descriptor from node connection: 시스템에 부착된 장치가 작동하지 않습니다. (0x1F)
6월 03, 2022 16:13:46.994 [16960:17060:0603/161346.994:ERROR:device_event_log_impl.cc(214)] [16:13:46.994] USB: usb_device_handle_win.cc:1048 Failed to read descriptor from node connection: 시스템에 부착된 장치가 작동하지 않습니다. (0x1F)
6월 03, 2022 16:14:43.77 [16960:21168:0603/161443.076:ERROR:util.cc(127)] Can't create base directory: C:\Program Files\Google\GoogleUpdater

6월 07, 2022 09:34:22.502 NEW SESSION
6월 07, 2022 09:34:22.503 [11256:22104:0607/093422.497:ERROR:token_service_table.cc(139)] Failed to decrypt token for service AccountId-116186995149476184003
6월 07, 2022 09:34:26.811 [11256:22196:0607/093426.810:ERROR:device_event_log_impl.cc(214)] [09:34:26.810] USB: usb_device_handle_win.cc:1048 Failed to read descriptor from node connection: 시스템에 부착된 장치가 작동하지 않습니다. (0x1F)
6월 07, 2022 09:34:26.812 [11256:22196:0607/093426.811:ERROR:device_event_log_impl.cc(214)] [09:34:26.811] USB: usb_device_handle_win.cc:1048 Failed to read descriptor from node connection: 시스템에 부착된 장치가 작동하지 않습니다. (0x1F)
6월 07, 2022 09:35:23.167 [11256:1908:0607/093523.167:ERROR:util.cc(127)] Can't create base directory: C:\Program Files\Google\GoogleUpdater
6월 07, 2022 09:35:58.366 [21140:13800:0607/093558.365:ERROR:token_service_table.cc(139)] Failed to decrypt token for service AccountId-116186995149476184003
6월 07, 2022 09:36:02.186 [21140:17168:0607/093602.185:ERROR:device_event_log_impl.cc(214)] [09:36:02.184] USB: usb_device_handle_win.cc:1048 Failed to read descriptor from node connection: 시스템에 부착된 장치가 작동하지 않습니다. (0x1F)
6월 07, 2022 09:36:02.187 [21140:17168:0607/093602.186:ERROR:device_event_log_impl.cc(214)] [09:36:02.185] USB: usb_device_handle_win.cc:1048 Failed to read descriptor from node connection: 시스템에 부착된 장치가 작동하지 않습니다. (0x1F)
6월 07, 2022 09:36:58.933 [21140:10248:0607/093658.932:ERROR:util.cc(127)] Can't create base directory: C:\Program Files\Google\GoogleUpdater
6월 07, 2022 10:28:50.322 [1320:11432:0607/102850.321:ERROR:token_service_table.cc(139)] Failed to decrypt token for service AccountId-116186995149476184003
6월 07, 2022 10:28:54.409 [1320:9660:0607/102854.409:ERROR:device_event_log_impl.cc(214)] [10:28:54.409] USB: usb_device_handle_win.cc:1048 Failed to read descriptor from node connection: 시스템에 부착된 장치가 작동하지 않습니다. (0x1F)
6월 07, 2022 10:28:54.410 [1320:9660:0607/102854.410:ERROR:device_event_log_impl.cc(214)] [10:28:54.410] USB: usb_device_handle_win.cc:1048 Failed to read descriptor from node connection: 시스템에 부착된 장치가 작동하지 않습니다. (0x1F)
6월 07, 2022 10:29:50.837 [1320:720:0607/102950.837:ERROR:util.cc(127)] Can't create base directory: C:\Program Files\Google\GoogleUpdater
6월 07, 2022 10:50:07.882 [22808:9984:0607/105007.881:ERROR:token_service_table.cc(139)] Failed to decrypt token for service AccountId-116186995149476184003
6월 07, 2022 10:50:13.941 [22808:23040:0607/105013.940:ERROR:device_event_log_impl.cc(214)] [10:50:13.940] USB: usb_device_handle_win.cc:1048 Failed to read descriptor from node connection: 시스템에 부착된 장치가 작동하지 않습니다. (0x1F)
6월 07, 2022 10:50:13.941 [22808:23040:0607/105013.940:ERROR:device_event_log_impl.cc(214)] [10:50:13.940] USB: usb_device_handle_win.cc:1048 Failed to read descriptor from node connection: 시스템에 부착된 장치가 작동하지 않습니다. (0x1F)
6월 07, 2022 10:51:08.583 [22808:12224:0607/105108.583:ERROR:util.cc(127)] Can't create base directory: C:\Program Files\Google\GoogleUpdater
6월 07, 2022 13:20:36.985 [18168:23736:0607/132036.984:ERROR:token_service_table.cc(139)] Failed to decrypt token for service AccountId-116186995149476184003
6월 07, 2022 13:20:41.212 [18168:9696:0607/132041.210:ERROR:device_event_log_impl.cc(214)] [13:20:41.210] USB: usb_device_handle_win.cc:1048 Failed to read descriptor from node connection: 시스템에 부착된 장치가 작동하지 않습니다. (0x1F)
6월 07, 2022 13:20:41.213 [18168:9696:0607/132041.212:ERROR:device_event_log_impl.cc(214)] [13:20:41.211] USB: usb_device_handle_win.cc:1048 Failed to read descriptor from node connection: 시스템에 부착된 장치가 작동하지 않습니다. (0x1F)
6월 07, 2022 13:20:46.463 [15640:12316:0607/132046.462:ERROR:token_service_table.cc(139)] Failed to decrypt token for service AccountId-116186995149476184003
6월 07, 2022 13:20:50.581 [15640:13076:0607/132050.580:ERROR:device_event_log_impl.cc(214)] [13:20:50.581] USB: usb_device_handle_win.cc:1048 Failed to read descriptor from node connection: 시스템에 부착된 장치가 작동하지 않습니다. (0x1F)
6월 07, 2022 13:20:50.582 [15640:13076:0607/132050.581:ERROR:device_event_log_impl.cc(214)] [13:20:50.581] USB: usb_device_handle_win.cc:1048 Failed to read descriptor from node connection: 시스템에 부착된 장치가 작동하지 않습니다. (0x1F)
6월 07, 2022 13:21:46.980 [15640:13380:0607/132146.980:ERROR:util.cc(127)] Can't create base directory: C:\Program Files\Google\GoogleUpdater
6월 07, 2022 13:50:26.500 [5260:11876:0607/135026.499:ERROR:token_service_table.cc(139)] Failed to decrypt token for service AccountId-116186995149476184003
6월 07, 2022 13:50:31.581 [5260:9936:0607/135031.580:ERROR:device_event_log_impl.cc(214)] [13:50:31.579] USB: usb_device_handle_win.cc:1048 Failed to read descriptor from node connection: 시스템에 부착된 장치가 작동하지 않습니다. (0x1F)
6월 07, 2022 13:50:31.583 [5260:9936:0607/135031.582:ERROR:device_event_log_impl.cc(214)] [13:50:31.581] USB: usb_device_handle_win.cc:1048 Failed to read descriptor from node connection: 시스템에 부착된 장치가 작동하지 않습니다. (0x1F)
6월 07, 2022 13:51:55.608 [20216:19028:0607/135155.607:ERROR:token_service_table.cc(139)] Failed to decrypt token for service AccountId-116186995149476184003
6월 07, 2022 13:51:58.849 [20216:12116:0607/135158.849:ERROR:device_event_log_impl.cc(214)] [13:51:58.849] USB: usb_device_handle_win.cc:1048 Failed to read descriptor from node connection: 시스템에 부착된 장치가 작동하지 않습니다. (0x1F)
6월 07, 2022 13:51:58.850 [20216:12116:0607/135158.849:ERROR:device_event_log_impl.cc(214)] [13:51:58.849] USB: usb_device_handle_win.cc:1048 Failed to read descriptor from node connection: 시스템에 부착된 장치가 작동하지 않습니다. (0x1F)
6월 07, 2022 13:51:58.851 [20216:12116:0607/135158.849:ERROR:device_event_log_impl.cc(214)] [13:51:58.849] USB: usb_device_handle_win.cc:1048 Failed to read descriptor from node connection: 시스템에 부착된 장치가 작동하지 않습니다. (0x1F)
6월 07, 2022 14:15:35.304 [23612:23796:0607/141535.303:ERROR:token_service_table.cc(139)] Failed to decrypt token for service AccountId-116186995149476184003
6월 07, 2022 14:15:41.274 [23612:22932:0607/141541.272:ERROR:device_event_log_impl.cc(214)] [14:15:41.272] USB: usb_device_handle_win.cc:1048 Failed to read descriptor from node connection: 시스템에 부착된 장치가 작동하지 않습니다. (0x1F)
6월 07, 2022 14:15:41.276 [23612:22932:0607/141541.273:ERROR:device_event_log_impl.cc(214)] [14:15:41.273] USB: usb_device_handle_win.cc:1048 Failed to read descriptor from node connection: 시스템에 부착된 장치가 작동하지 않습니다. (0x1F)
6월 07, 2022 14:16:34.891 [20560:14468:0607/141634.890:ERROR:token_service_table.cc(139)] Failed to decrypt token for service AccountId-116186995149476184003
6월 07, 2022 14:16:39.801 [20560:17852:0607/141639.800:ERROR:device_event_log_impl.cc(214)] [14:16:39.799] USB: usb_device_handle_win.cc:1048 Failed to read descriptor from node connection: 시스템에 부착된 장치가 작동하지 않습니다. (0x1F)
6월 07, 2022 14:16:39.801 [20560:17852:0607/141639.800:ERROR:device_event_log_impl.cc(214)] [14:16:39.799] USB: usb_device_handle_win.cc:1048 Failed to read descriptor from node connection: 시스템에 부착된 장치가 작동하지 않습니다. (0x1F)
6월 07, 2022 14:17:54.207 [15268:16652:0607/141754.207:ERROR:token_service_table.cc(139)] Failed to decrypt token for service AccountId-116186995149476184003
6월 07, 2022 14:17:59.221 [15268:17832:0607/141759.221:ERROR:device_event_log_impl.cc(214)] [14:17:59.220] USB: usb_device_handle_win.cc:1048 Failed to read descriptor from node connection: 시스템에 부착된 장치가 작동하지 않습니다. (0x1F)
6월 07, 2022 14:17:59.222 [15268:17832:0607/141759.221:ERROR:device_event_log_impl.cc(214)] [14:17:59.220] USB: usb_device_handle_win.cc:1048 Failed to read descriptor from node connection: 시스템에 부착된 장치가 작동하지 않습니다. (0x1F)

6월 07, 2022 14:42:49.485 NEW SESSION
6월 07, 2022 14:42:49.485 [7064:16864:0607/144249.483:ERROR:token_service_table.cc(139)] Failed to decrypt token for service AccountId-116186995149476184003
6월 07, 2022 14:42:54.529 [7064:8372:0607/144254.528:ERROR:device_event_log_impl.cc(214)] [14:42:54.528] USB: usb_device_handle_win.cc:1048 Failed to read descriptor from node connection: 시스템에 부착된 장치가 작동하지 않습니다. (0x1F)
6월 07, 2022 14:42:54.530 [7064:8372:0607/144254.529:ERROR:device_event_log_impl.cc(214)] [14:42:54.528] USB: usb_device_handle_win.cc:1048 Failed to read descriptor from node connection: 시스템에 부착된 장치가 작동하지 않습니다. (0x1F)
6월 07, 2022 14:43:50.123 [7064:5632:0607/144350.123:ERROR:util.cc(127)] Can't create base directory: C:\Program Files\Google\GoogleUpdater
